[I] Creating Spark Session
[I] Spark Session Created for ETL-TransformRawData App
[I] Spark Session Initialize Completed Successfully
[I] Variables Loaded from Config File ./AppConfig.json
[I] NSE Shareholding Data Transformation Started
[I] Postgresql Reader strated
[I] Dataframe created stocks.all_nse_shareholding_pattern Successfully
[I] Total Count from table stocks.all_nse_shareholding_pattern: 1884
SHAREHOLDING-PATTERN: 1884
root
 |-- holdings_till_date: timestamp (nullable = true)
 |-- company_name: string (nullable = true)
 |-- promotors_holdings: decimal(10,2) (nullable = true)
 |-- public_holdings: decimal(10,2) (nullable = true)
 |-- employee_holdings: decimal(10,2) (nullable = true)

+-------------------+--------------------+------------------+---------------+-----------------+
| holdings_till_date|        company_name|promotors_holdings|public_holdings|employee_holdings|
+-------------------+--------------------+------------------+---------------+-----------------+
|2021-09-30 00:00:00|Deccan Cements Li...|             56.24|          43.76|             0.00|
|2021-09-30 00:00:00|            UCO Bank|             95.39|           4.61|             0.00|
|2021-09-30 00:00:00|Deepak Fertilizer...|             53.06|          46.94|             0.00|
|2021-09-30 00:00:00|Jalan Transolutio...|             55.12|          44.89|             0.00|
|2021-09-30 00:00:00|Godha Cabcon & In...|             72.95|          27.05|             0.00|
+-------------------+--------------------+------------------+---------------+-----------------+
only showing top 5 rows

[I] NSE Shareholding Data transformation Completed Successfully
[I] Spark Session Stopped
